16:34:14 INFO  : updated workspace path: 
16:34:16 INFO  : Successfully created repository data at C:\Users\alexd\AppData\Local\Temp\rigel_lopper_alexd11138877982737292565
16:34:16 INFO  : cmd.exe, /C, C:\Xilinx\Vitis\2024.2\tps\win64\lopper-1.1.0\env\Scripts\activate.bat && python C:\Xilinx\Vitis\2024.2\data\embeddedsw\scripts\pyesw\\get_template_data.py -d C:\Users\alexd\AppData\Local\Temp\rigel_lopper_alexd446863171944747110 -r C:\Users\alexd\AppData\Local\Temp\rigel_lopper_alexd11138877982737292565\.repo.yaml && C:\Xilinx\Vitis\2024.2\tps\win64\lopper-1.1.0\env\Scripts\deactivate.bat
16:34:16 INFO  : Embedded Template List generated successfully
16:34:16 INFO  : cmd.exe, /C, C:\Xilinx\Vitis\2024.2\tps\win64\lopper-1.1.0\env\Scripts\activate.bat && python C:\Xilinx\Vitis\2024.2\data\embeddedsw\scripts\pyesw\\repo.py -st  C:\Xilinx\Vitis\2024.2\data\embeddedsw && C:\Xilinx\Vitis\2024.2\tps\win64\lopper-1.1.0\env\Scripts\deactivate.bat
16:34:17 INFO  : Successfully created repository data at C:\Users\alexd\AppData\Local\Temp\rigel_lopper_alexd15680077383379748130
16:34:17 INFO  : cmd.exe, /C, C:\Xilinx\Vitis\2024.2\tps\win64\lopper-1.1.0\env\Scripts\activate.bat && python C:\Xilinx\Vitis\2024.2\data\embeddedsw\scripts\pyesw\\get_template_data.py -d C:\Users\alexd\AppData\Local\Temp\rigel_lopper_alexd18349349386044180240 -r C:\Users\alexd\AppData\Local\Temp\rigel_lopper_alexd15680077383379748130\.repo.yaml && C:\Xilinx\Vitis\2024.2\tps\win64\lopper-1.1.0\env\Scripts\deactivate.bat
16:34:18 INFO  : Embedded Template List generated successfully
16:34:24 INFO  : cmd.exe, /C, C:\Xilinx\Vitis\2024.2\tps\win64\lopper-1.1.0\env\Scripts\activate.bat && python C:\Xilinx\Vitis\2024.2\data\embeddedsw\scripts\pyesw\\repo.py -st  C:\Xilinx\Vitis\2024.2\data\embeddedsw && C:\Xilinx\Vitis\2024.2\tps\win64\lopper-1.1.0\env\Scripts\deactivate.bat
16:34:24 INFO  : created .gitignore file for the project C:\VitisWS\WS4
07:45:46 INFO  : updated workspace path: 
07:45:46 INFO  : cmd.exe, /C, C:\Xilinx\Vitis\2024.2\tps\win64\lopper-1.1.0\env\Scripts\activate.bat && python C:\Xilinx\Vitis\2024.2\data\embeddedsw\scripts\pyesw\\repo.py -st  C:\Xilinx\Vitis\2024.2\data\embeddedsw && C:\Xilinx\Vitis\2024.2\tps\win64\lopper-1.1.0\env\Scripts\deactivate.bat
07:45:56 INFO  : Successfully created repository data at C:\Users\harsh\AppData\Local\Temp\rigel_lopper_harsh15470577390697532600
07:45:56 INFO  : cmd.exe, /C, C:\Xilinx\Vitis\2024.2\tps\win64\lopper-1.1.0\env\Scripts\activate.bat && python C:\Xilinx\Vitis\2024.2\data\embeddedsw\scripts\pyesw\\get_template_data.py -d C:\Users\harsh\AppData\Local\Temp\rigel_lopper_harsh10435663313058224212 -r C:\Users\harsh\AppData\Local\Temp\rigel_lopper_harsh15470577390697532600\.repo.yaml && C:\Xilinx\Vitis\2024.2\tps\win64\lopper-1.1.0\env\Scripts\deactivate.bat
07:45:56 INFO  : Embedded Template List generated successfully
07:45:56 INFO  : cmd.exe, /C, C:\Xilinx\Vitis\2024.2\tps\win64\lopper-1.1.0\env\Scripts\activate.bat && python C:\Xilinx\Vitis\2024.2\data\embeddedsw\scripts\pyesw\\repo.py -st  C:\Xilinx\Vitis\2024.2\data\embeddedsw && C:\Xilinx\Vitis\2024.2\tps\win64\lopper-1.1.0\env\Scripts\deactivate.bat
07:46:00 INFO  : Successfully created repository data at C:\Users\harsh\AppData\Local\Temp\rigel_lopper_harsh7324509836818482228
07:46:00 INFO  : cmd.exe, /C, C:\Xilinx\Vitis\2024.2\tps\win64\lopper-1.1.0\env\Scripts\activate.bat && python C:\Xilinx\Vitis\2024.2\data\embeddedsw\scripts\pyesw\\get_template_data.py -d C:\Users\harsh\AppData\Local\Temp\rigel_lopper_harsh7907452174687348623 -r C:\Users\harsh\AppData\Local\Temp\rigel_lopper_harsh7324509836818482228\.repo.yaml && C:\Xilinx\Vitis\2024.2\tps\win64\lopper-1.1.0\env\Scripts\deactivate.bat
07:46:00 INFO  : Embedded Template List generated successfully
07:46:29 INFO  : cmd.exe, /C, C:\Xilinx\Vitis\2024.2\tps\win64\lopper-1.1.0\env\Scripts\activate.bat && python C:\Xilinx\Vitis\2024.2\data\embeddedsw\scripts\pyesw\\repo.py -st  C:\Xilinx\Vitis\2024.2\data\embeddedsw && C:\Xilinx\Vitis\2024.2\tps\win64\lopper-1.1.0\env\Scripts\deactivate.bat
07:46:30 INFO  : created .gitignore file for the project C:\Users\harsh\Downloads\SoCFinalProject\Vitis_task4
07:46:30 INFO  : Marking the target connection as default Local
07:46:30 INFO  : Marking the target connection as default Linux Agent
07:46:30 INFO  : Marking the target connection as default XRTServer
07:46:30 INFO  : Marking the target connection as default LinuxEmulation
07:46:30 INFO  : Marking the target connection as default QEMU
08:10:35 INFO  : updated workspace path: 
08:10:36 INFO  : Embedded Template List generated successfully
08:10:36 INFO  : cmd.exe, /C, C:\Xilinx\Vitis\2024.2\tps\win64\lopper-1.1.0\env\Scripts\activate.bat && python C:\Xilinx\Vitis\2024.2\data\embeddedsw\scripts\pyesw\\repo.py -st  C:\Xilinx\Vitis\2024.2\data\embeddedsw && C:\Xilinx\Vitis\2024.2\tps\win64\lopper-1.1.0\env\Scripts\deactivate.bat
08:10:40 INFO  : Successfully created repository data at C:\Users\harsh\AppData\Local\Temp\rigel_lopper_harsh6367968258258301987
08:10:40 INFO  : cmd.exe, /C, C:\Xilinx\Vitis\2024.2\tps\win64\lopper-1.1.0\env\Scripts\activate.bat && python C:\Xilinx\Vitis\2024.2\data\embeddedsw\scripts\pyesw\\get_template_data.py -d C:\Users\harsh\AppData\Local\Temp\rigel_lopper_harsh13596567599549174643 -r C:\Users\harsh\AppData\Local\Temp\rigel_lopper_harsh6367968258258301987\.repo.yaml && C:\Xilinx\Vitis\2024.2\tps\win64\lopper-1.1.0\env\Scripts\deactivate.bat
08:10:41 INFO  : Embedded Template List generated successfully
08:11:01 INFO  : connection terminated
08:11:01 INFO  : connection terminated
08:11:01 INFO  : scheduling shutdown timer for 2 seconds ...
08:11:04 INFO  : Terminating Vitis C++ Server
08:11:04 INFO  : Vitis C++ Server terminated
08:28:27 INFO  : updated workspace path: 
08:28:31 INFO  : Successfully created repository data at C:\Users\harsh\AppData\Local\Temp\rigel_lopper_harsh10734530692026227125
08:28:31 INFO  : cmd.exe, /C, C:\Xilinx\Vitis\2024.2\tps\win64\lopper-1.1.0\env\Scripts\activate.bat && python C:\Xilinx\Vitis\2024.2\data\embeddedsw\scripts\pyesw\\get_template_data.py -d C:\Users\harsh\AppData\Local\Temp\rigel_lopper_harsh12258054164495033651 -r C:\Users\harsh\AppData\Local\Temp\rigel_lopper_harsh10734530692026227125\.repo.yaml && C:\Xilinx\Vitis\2024.2\tps\win64\lopper-1.1.0\env\Scripts\deactivate.bat
08:28:32 INFO  : Embedded Template List generated successfully
08:28:32 INFO  : cmd.exe, /C, C:\Xilinx\Vitis\2024.2\tps\win64\lopper-1.1.0\env\Scripts\activate.bat && python C:\Xilinx\Vitis\2024.2\data\embeddedsw\scripts\pyesw\\repo.py -st  C:\Xilinx\Vitis\2024.2\data\embeddedsw && C:\Xilinx\Vitis\2024.2\tps\win64\lopper-1.1.0\env\Scripts\deactivate.bat
08:28:34 INFO  : Successfully created repository data at C:\Users\harsh\AppData\Local\Temp\rigel_lopper_harsh16408833985884242847
08:28:34 INFO  : cmd.exe, /C, C:\Xilinx\Vitis\2024.2\tps\win64\lopper-1.1.0\env\Scripts\activate.bat && python C:\Xilinx\Vitis\2024.2\data\embeddedsw\scripts\pyesw\\get_template_data.py -d C:\Users\harsh\AppData\Local\Temp\rigel_lopper_harsh9955803730946222925 -r C:\Users\harsh\AppData\Local\Temp\rigel_lopper_harsh16408833985884242847\.repo.yaml && C:\Xilinx\Vitis\2024.2\tps\win64\lopper-1.1.0\env\Scripts\deactivate.bat
08:28:35 INFO  : Embedded Template List generated successfully
08:29:10 INFO  : Found no platform with name 'design_1_wrapper' in install repositories
08:29:10 INFO  : Using sdt generation script from C:\Xilinx\Vitis\2024.2\vitis-server\scripts\platformutil.tcl
08:29:10 INFO  : cmd.exe, /C, C:\Xilinx\Vitis\2024.2\tps\win64\lopper-1.1.0\env\Scripts\activate.bat && xsct.bat C:\Xilinx\Vitis\2024.2\vitis-server\scripts\platformutil.tcl C:\Users\harsh\Downloads\SoCFinalProject\Vivado_Final\design_1_wrapper.xsa C:\Users\harsh\AppData\Local\Temp\rigel_lopper_temp_platformharsh4209412303456456870\design_1_wrapper\hw\sdt && C:\Xilinx\Vitis\2024.2\tps\win64\lopper-1.1.0\env\Scripts\deactivate.bat
08:29:17 INFO  : SDT generated successfully
08:29:17 INFO  : Lopper command for cpu List generation: lopper --enhanced --werror -f -O C:\Users\harsh\AppData\Local\Temp\rigel_lopper_harsh13933442043977405743 -i C:\Xilinx\Vitis\2024.2\tps\win64\lopper-1.1.0\env\Lib\site-packages\lopper\lops\lop-cpu-oslist.dts C:\Users\harsh\AppData\Local\Temp\rigel_lopper_temp_platformharsh4209412303456456870\design_1_wrapper\hw\sdt\system-top.dts
08:29:17 INFO  : cmd.exe, /C, C:\Xilinx\Vitis\2024.2\tps\win64\lopper-1.1.0\env\Scripts\activate.bat && lopper --enhanced --werror -f -O C:\Users\harsh\AppData\Local\Temp\rigel_lopper_harsh13933442043977405743 -i C:\Xilinx\Vitis\2024.2\tps\win64\lopper-1.1.0\env\Lib\site-packages\lopper\lops\lop-cpu-oslist.dts C:\Users\harsh\AppData\Local\Temp\rigel_lopper_temp_platformharsh4209412303456456870\design_1_wrapper\hw\sdt\system-top.dts && C:\Xilinx\Vitis\2024.2\tps\win64\lopper-1.1.0\env\Scripts\deactivate.bat
08:29:18 INFO  : CPU List generated successfully
08:29:21 INFO  : Platform platform creation started.
08:29:21 INFO  : Found no platform with name 'design_1_wrapper' in install repositories
08:29:21 INFO  : Using sdt generation script from C:\Xilinx\Vitis\2024.2\vitis-server\scripts\platformutil.tcl
08:29:21 INFO  : cmd.exe, /C, C:\Xilinx\Vitis\2024.2\tps\win64\lopper-1.1.0\env\Scripts\activate.bat && xsct.bat C:\Xilinx\Vitis\2024.2\vitis-server\scripts\platformutil.tcl C:\Users\harsh\Downloads\SoCFinalProject\Vivado_Final\design_1_wrapper.xsa C:\Users\harsh\Downloads\SoCFinalProject\Vitis_Task4\platform\hw\sdt && C:\Xilinx\Vitis\2024.2\tps\win64\lopper-1.1.0\env\Scripts\deactivate.bat
08:29:28 INFO  : SDT generated successfully
08:29:28 INFO  : Lopper command for cpu List generation: lopper --enhanced --werror -f -O C:\Users\harsh\AppData\Local\Temp\rigel_lopper_harsh1913846149557230982 -i C:\Xilinx\Vitis\2024.2\tps\win64\lopper-1.1.0\env\Lib\site-packages\lopper\lops\lop-cpu-oslist.dts C:\Users\harsh\Downloads\SoCFinalProject\Vitis_Task4\platform\hw\sdt\system-top.dts
08:29:28 INFO  : cmd.exe, /C, C:\Xilinx\Vitis\2024.2\tps\win64\lopper-1.1.0\env\Scripts\activate.bat && lopper --enhanced --werror -f -O C:\Users\harsh\AppData\Local\Temp\rigel_lopper_harsh1913846149557230982 -i C:\Xilinx\Vitis\2024.2\tps\win64\lopper-1.1.0\env\Lib\site-packages\lopper\lops\lop-cpu-oslist.dts C:\Users\harsh\Downloads\SoCFinalProject\Vitis_Task4\platform\hw\sdt\system-top.dts && C:\Xilinx\Vitis\2024.2\tps\win64\lopper-1.1.0\env\Scripts\deactivate.bat
08:29:28 INFO  : CPU List generated successfully
08:29:28 INFO  : SDT generated successfully.
08:29:28 INFO  : created .gitignore file for the project C:\Users\harsh\Downloads\SoCFinalProject\Vitis_Task4\platform
08:29:28 INFO  : cmd.exe, /C, C:\Xilinx\Vitis\2024.2\tps\win64\lopper-1.1.0\env\Scripts\activate.bat && python C:\Xilinx\Vitis\2024.2\data\embeddedsw\scripts\pyesw\\repo.py -st  C:\Xilinx\Vitis\2024.2\data\embeddedsw && C:\Xilinx\Vitis\2024.2\tps\win64\lopper-1.1.0\env\Scripts\deactivate.bat
08:29:31 INFO  : Successfully created repository data at C:\Users\harsh\AppData\Local\Temp\rigel_lopper_harsh2922408152424660505
08:29:31 INFO  : lopper command to generate BSP :python C:\Xilinx\Vitis\2024.2\data\embeddedsw/scripts/pyesw//create_bsp.py -w C:\Users\harsh\Downloads\SoCFinalProject\Vitis_Task4\platform\microblaze_riscv_0\standalone_microblaze_riscv_0\bsp -p microblaze_riscv_0 -o standalone -s C:\Users\harsh\Downloads\SoCFinalProject\Vitis_Task4\platform\hw\sdt\system-top.dts -t empty_application -r C:\Users\harsh\AppData\Local\Temp\rigel_lopper_harsh2922408152424660505\.repo.yaml
08:29:31 INFO  : cmd.exe, /C, C:\Xilinx\Vitis\2024.2\tps\win64\lopper-1.1.0\env\Scripts\activate.bat && python C:\Xilinx\Vitis\2024.2\data\embeddedsw\scripts\pyesw\\create_bsp.py -w C:\Users\harsh\Downloads\SoCFinalProject\Vitis_Task4\platform\microblaze_riscv_0\standalone_microblaze_riscv_0\bsp -p microblaze_riscv_0 -o standalone -s C:\Users\harsh\Downloads\SoCFinalProject\Vitis_Task4\platform\hw\sdt\system-top.dts -t empty_application -r C:\Users\harsh\AppData\Local\Temp\rigel_lopper_harsh2922408152424660505\.repo.yaml && C:\Xilinx\Vitis\2024.2\tps\win64\lopper-1.1.0\env\Scripts\deactivate.bat
08:29:45 INFO  : Successfully created Domain at C:\Users\harsh\Downloads\SoCFinalProject\Vitis_Task4\platform\microblaze_riscv_0\standalone_microblaze_riscv_0\bsp
08:29:45 INFO  : Successfully Generated Domain C:\Users\harsh\Downloads\SoCFinalProject\Vitis_Task4\platform\microblaze_riscv_0\standalone_microblaze_riscv_0\bsp
08:29:45 INFO  : Domain standalone_microblaze_riscv_0 added successfully.
08:29:45 INFO  : Platform creation finished successfully.
08:29:45 INFO  : Platform Quick Build initiated.
08:29:45 INFO  : Generating Export directory
08:29:45 INFO  : Generated platform metadata for creating application(s) based on platform platform.
08:30:36 INFO  : cmd.exe, /C, C:\Xilinx\Vitis\2024.2\tps\win64\lopper-1.1.0\env\Scripts\activate.bat && python C:\Xilinx\Vitis\2024.2\data\embeddedsw\scripts\pyesw\\repo.py -st  C:\Xilinx\Vitis\2024.2\data\embeddedsw && C:\Xilinx\Vitis\2024.2\tps\win64\lopper-1.1.0\env\Scripts\deactivate.bat
08:30:36 INFO  : updated workspace path: 
08:30:40 INFO  : Successfully created repository data at C:\Users\harsh\AppData\Local\Temp\rigel_lopper_harsh10380154597228470983
08:30:40 INFO  : cmd.exe, /C, C:\Xilinx\Vitis\2024.2\tps\win64\lopper-1.1.0\env\Scripts\activate.bat && python C:\Xilinx\Vitis\2024.2\data\embeddedsw\scripts\pyesw\\get_template_data.py -d C:\Users\harsh\AppData\Local\Temp\rigel_lopper_harsh16806813060185264526 -r C:\Users\harsh\AppData\Local\Temp\rigel_lopper_harsh10380154597228470983\.repo.yaml && C:\Xilinx\Vitis\2024.2\tps\win64\lopper-1.1.0\env\Scripts\deactivate.bat
08:30:40 INFO  : Embedded Template List generated successfully
08:30:40 INFO  : cmd.exe, /C, C:\Xilinx\Vitis\2024.2\tps\win64\lopper-1.1.0\env\Scripts\activate.bat && python C:\Xilinx\Vitis\2024.2\data\embeddedsw\scripts\pyesw\\repo.py -st  C:\Xilinx\Vitis\2024.2\data\embeddedsw && C:\Xilinx\Vitis\2024.2\tps\win64\lopper-1.1.0\env\Scripts\deactivate.bat
08:30:43 INFO  : Successfully created repository data at C:\Users\harsh\AppData\Local\Temp\rigel_lopper_harsh2878867922099832696
08:30:43 INFO  : cmd.exe, /C, C:\Xilinx\Vitis\2024.2\tps\win64\lopper-1.1.0\env\Scripts\activate.bat && python C:\Xilinx\Vitis\2024.2\data\embeddedsw\scripts\pyesw\\get_template_data.py -d C:\Users\harsh\AppData\Local\Temp\rigel_lopper_harsh5811252912382258478 -r C:\Users\harsh\AppData\Local\Temp\rigel_lopper_harsh2878867922099832696\.repo.yaml && C:\Xilinx\Vitis\2024.2\tps\win64\lopper-1.1.0\env\Scripts\deactivate.bat
08:30:44 INFO  : Embedded Template List generated successfully
08:31:32 INFO  : cmd.exe, /C, C:\Xilinx\Vitis\2024.2\tps\win64\lopper-1.1.0\env\Scripts\activate.bat && python C:\Xilinx\Vitis\2024.2\data\embeddedsw\scripts\pyesw\\repo.py -st  C:\Xilinx\Vitis\2024.2\data\embeddedsw && C:\Xilinx\Vitis\2024.2\tps\win64\lopper-1.1.0\env\Scripts\deactivate.bat
09:08:18 INFO  : updated workspace path: 
09:08:19 INFO  : Embedded Template List generated successfully
09:08:19 INFO  : cmd.exe, /C, C:\Xilinx\Vitis\2024.2\tps\win64\lopper-1.1.0\env\Scripts\activate.bat && python C:\Xilinx\Vitis\2024.2\data\embeddedsw\scripts\pyesw\\repo.py -st  C:\Xilinx\Vitis\2024.2\data\embeddedsw && C:\Xilinx\Vitis\2024.2\tps\win64\lopper-1.1.0\env\Scripts\deactivate.bat
09:08:24 INFO  : Successfully created repository data at C:\Users\harsh\AppData\Local\Temp\rigel_lopper_harsh2764578852697482349
09:08:24 INFO  : cmd.exe, /C, C:\Xilinx\Vitis\2024.2\tps\win64\lopper-1.1.0\env\Scripts\activate.bat && python C:\Xilinx\Vitis\2024.2\data\embeddedsw\scripts\pyesw\\get_template_data.py -d C:\Users\harsh\AppData\Local\Temp\rigel_lopper_harsh3751594845816078420 -r C:\Users\harsh\AppData\Local\Temp\rigel_lopper_harsh2764578852697482349\.repo.yaml && C:\Xilinx\Vitis\2024.2\tps\win64\lopper-1.1.0\env\Scripts\deactivate.bat
09:08:25 INFO  : Embedded Template List generated successfully
09:08:48 INFO  : 'targets -set -filter {jtag_cable_name =~ "RealDigital Boo 887404240120A" && level==0 && jtag_device_ctx=="jsn6-0362f093-0"}' command is executed.
09:08:48 INFO  : Device configured successfully with "C:/Users/harsh/Downloads/SoCFinalProject/Vitis_Final/hello_world/_ide/bitstream/design_1_wrapper.bit"
09:08:48 INFO  : 'targets -set -filter {jtag_cable_name =~ "RealDigital Boo 887404240120A" && level==0 && jtag_device_ctx=="jsn6-0362f093-0"}' command is executed.
09:08:49 INFO  : Device configured successfully with "C:/Users/harsh/Downloads/SoCFinalProject/Vitis_Final/hello_world/_ide/bitstream/design_1_wrapper.bit"
09:09:19 INFO  : targets -set -nocase -filter {name =~ "*Hart**#0"}
09:09:22 ERROR : Failed to initialize the hardware Could not find ARM device on the board for connection 'Local'.
Check if the target is in:
1. Split JTAG - No operations are possible with ARM DAP.
2. Non JTAG bootmode - Bootrom may need time to enable DAP.
Please try again.


Troubleshooting hints:
1. Check whether board is connected to system properly.
2. In case of zynq board, check whether Digilent/Xilinx cable switch settings are correct.
3. If you are using Xilinx Platform Cable USB, ensure that status LED is green.
09:09:23 INFO  : loadhw -hw C:/Users/harsh/Downloads/SoCFinalProject/Vitis_Final/platform/export/platform/hw/design_1_wrapper.xsa  -regs
09:09:23 INFO  : 
09:09:23 INFO  : targets -set -nocase -filter {name =~ "*Hart**#0"}
09:09:23 INFO  : rst -system
09:09:26 INFO  : after 3000
09:09:26 ERROR : Failed to initialize the hardware null
09:09:58 INFO  : cmd.exe, /C, C:\Xilinx\Vitis\2024.2\tps\win64\lopper-1.1.0\env\Scripts\activate.bat && python C:\Xilinx\Vitis\2024.2\data\embeddedsw\scripts\pyesw\\repo.py -st  C:\Xilinx\Vitis\2024.2\data\embeddedsw && C:\Xilinx\Vitis\2024.2\tps\win64\lopper-1.1.0\env\Scripts\deactivate.bat
09:09:59 INFO  : updated workspace path: 
09:10:02 INFO  : Successfully created repository data at C:\Users\harsh\AppData\Local\Temp\rigel_lopper_harsh3720052603033239261
09:10:02 INFO  : cmd.exe, /C, C:\Xilinx\Vitis\2024.2\tps\win64\lopper-1.1.0\env\Scripts\activate.bat && python C:\Xilinx\Vitis\2024.2\data\embeddedsw\scripts\pyesw\\get_template_data.py -d C:\Users\harsh\AppData\Local\Temp\rigel_lopper_harsh1117704337971282139 -r C:\Users\harsh\AppData\Local\Temp\rigel_lopper_harsh3720052603033239261\.repo.yaml && C:\Xilinx\Vitis\2024.2\tps\win64\lopper-1.1.0\env\Scripts\deactivate.bat
09:10:03 INFO  : Embedded Template List generated successfully
09:10:03 INFO  : cmd.exe, /C, C:\Xilinx\Vitis\2024.2\tps\win64\lopper-1.1.0\env\Scripts\activate.bat && python C:\Xilinx\Vitis\2024.2\data\embeddedsw\scripts\pyesw\\repo.py -st  C:\Xilinx\Vitis\2024.2\data\embeddedsw && C:\Xilinx\Vitis\2024.2\tps\win64\lopper-1.1.0\env\Scripts\deactivate.bat
09:10:06 INFO  : Successfully created repository data at C:\Users\harsh\AppData\Local\Temp\rigel_lopper_harsh15895654503671956628
09:10:06 INFO  : cmd.exe, /C, C:\Xilinx\Vitis\2024.2\tps\win64\lopper-1.1.0\env\Scripts\activate.bat && python C:\Xilinx\Vitis\2024.2\data\embeddedsw\scripts\pyesw\\get_template_data.py -d C:\Users\harsh\AppData\Local\Temp\rigel_lopper_harsh1953221344181362444 -r C:\Users\harsh\AppData\Local\Temp\rigel_lopper_harsh15895654503671956628\.repo.yaml && C:\Xilinx\Vitis\2024.2\tps\win64\lopper-1.1.0\env\Scripts\deactivate.bat
09:10:06 INFO  : Embedded Template List generated successfully
09:11:16 INFO  : cmd.exe, /C, C:\Xilinx\Vitis\2024.2\tps\win64\lopper-1.1.0\env\Scripts\activate.bat && python C:\Xilinx\Vitis\2024.2\data\embeddedsw\scripts\pyesw\\repo.py -st  C:\Xilinx\Vitis\2024.2\data\embeddedsw && C:\Xilinx\Vitis\2024.2\tps\win64\lopper-1.1.0\env\Scripts\deactivate.bat
09:24:31 INFO  : updated workspace path: 
09:24:32 INFO  : Embedded Template List generated successfully
09:24:32 INFO  : cmd.exe, /C, C:\Xilinx\Vitis\2024.2\tps\win64\lopper-1.1.0\env\Scripts\activate.bat && python C:\Xilinx\Vitis\2024.2\data\embeddedsw\scripts\pyesw\\repo.py -st  C:\Xilinx\Vitis\2024.2\data\embeddedsw && C:\Xilinx\Vitis\2024.2\tps\win64\lopper-1.1.0\env\Scripts\deactivate.bat
09:24:36 INFO  : Successfully created repository data at C:\Users\harsh\AppData\Local\Temp\rigel_lopper_harsh7715662215741321103
09:24:36 INFO  : cmd.exe, /C, C:\Xilinx\Vitis\2024.2\tps\win64\lopper-1.1.0\env\Scripts\activate.bat && python C:\Xilinx\Vitis\2024.2\data\embeddedsw\scripts\pyesw\\get_template_data.py -d C:\Users\harsh\AppData\Local\Temp\rigel_lopper_harsh8758737355527521761 -r C:\Users\harsh\AppData\Local\Temp\rigel_lopper_harsh7715662215741321103\.repo.yaml && C:\Xilinx\Vitis\2024.2\tps\win64\lopper-1.1.0\env\Scripts\deactivate.bat
09:24:37 INFO  : Embedded Template List generated successfully
09:24:38 INFO  : connection terminated
09:24:38 INFO  : connection terminated
09:24:38 INFO  : scheduling shutdown timer for 2 seconds ...
09:24:40 INFO  : Terminating Vitis C++ Server
09:24:40 INFO  : Vitis C++ Server terminated
09:35:39 INFO  : updated workspace path: 
09:35:43 INFO  : Successfully created repository data at C:\Users\harsh\AppData\Local\Temp\rigel_lopper_harsh10999917134560912526
09:35:43 INFO  : cmd.exe, /C, C:\Xilinx\Vitis\2024.2\tps\win64\lopper-1.1.0\env\Scripts\activate.bat && python C:\Xilinx\Vitis\2024.2\data\embeddedsw\scripts\pyesw\\get_template_data.py -d C:\Users\harsh\AppData\Local\Temp\rigel_lopper_harsh8622648373204608099 -r C:\Users\harsh\AppData\Local\Temp\rigel_lopper_harsh10999917134560912526\.repo.yaml && C:\Xilinx\Vitis\2024.2\tps\win64\lopper-1.1.0\env\Scripts\deactivate.bat
09:35:44 INFO  : Embedded Template List generated successfully
09:35:44 INFO  : cmd.exe, /C, C:\Xilinx\Vitis\2024.2\tps\win64\lopper-1.1.0\env\Scripts\activate.bat && python C:\Xilinx\Vitis\2024.2\data\embeddedsw\scripts\pyesw\\repo.py -st  C:\Xilinx\Vitis\2024.2\data\embeddedsw && C:\Xilinx\Vitis\2024.2\tps\win64\lopper-1.1.0\env\Scripts\deactivate.bat
09:35:47 INFO  : Successfully created repository data at C:\Users\harsh\AppData\Local\Temp\rigel_lopper_harsh4035302151953802983
09:35:47 INFO  : cmd.exe, /C, C:\Xilinx\Vitis\2024.2\tps\win64\lopper-1.1.0\env\Scripts\activate.bat && python C:\Xilinx\Vitis\2024.2\data\embeddedsw\scripts\pyesw\\get_template_data.py -d C:\Users\harsh\AppData\Local\Temp\rigel_lopper_harsh16090252185088767401 -r C:\Users\harsh\AppData\Local\Temp\rigel_lopper_harsh4035302151953802983\.repo.yaml && C:\Xilinx\Vitis\2024.2\tps\win64\lopper-1.1.0\env\Scripts\deactivate.bat
09:35:47 INFO  : Embedded Template List generated successfully
09:36:06 INFO  : cmd.exe, /C, C:\Xilinx\Vitis\2024.2\tps\win64\lopper-1.1.0\env\Scripts\activate.bat && python C:\Xilinx\Vitis\2024.2\data\embeddedsw\scripts\pyesw\\repo.py -st  C:\Xilinx\Vitis\2024.2\data\embeddedsw && C:\Xilinx\Vitis\2024.2\tps\win64\lopper-1.1.0\env\Scripts\deactivate.bat
09:36:06 INFO  : created .gitignore file for the project C:\Users\harsh\Downloads\SoCFinalProject\Vitis_Final
09:36:06 INFO  : Marking the target connection as default Local
09:36:06 INFO  : Marking the target connection as default Linux Agent
09:36:06 INFO  : Marking the target connection as default XRTServer
09:36:06 INFO  : Marking the target connection as default LinuxEmulation
09:36:06 INFO  : Marking the target connection as default QEMU
10:06:42 INFO  : updated workspace path: 
10:06:42 INFO  : Embedded Template List generated successfully
10:06:43 INFO  : cmd.exe, /C, C:\Xilinx\Vitis\2024.2\tps\win64\lopper-1.1.0\env\Scripts\activate.bat && python C:\Xilinx\Vitis\2024.2\data\embeddedsw\scripts\pyesw\\repo.py -st  C:\Xilinx\Vitis\2024.2\data\embeddedsw && C:\Xilinx\Vitis\2024.2\tps\win64\lopper-1.1.0\env\Scripts\deactivate.bat
10:06:49 INFO  : Successfully created repository data at C:\Users\harsh\AppData\Local\Temp\rigel_lopper_harsh16304589619701857121
10:06:49 INFO  : cmd.exe, /C, C:\Xilinx\Vitis\2024.2\tps\win64\lopper-1.1.0\env\Scripts\activate.bat && python C:\Xilinx\Vitis\2024.2\data\embeddedsw\scripts\pyesw\\get_template_data.py -d C:\Users\harsh\AppData\Local\Temp\rigel_lopper_harsh14283842464586892229 -r C:\Users\harsh\AppData\Local\Temp\rigel_lopper_harsh16304589619701857121\.repo.yaml && C:\Xilinx\Vitis\2024.2\tps\win64\lopper-1.1.0\env\Scripts\deactivate.bat
10:06:50 INFO  : Embedded Template List generated successfully
10:23:20 INFO  : cmd.exe, /C, C:\Xilinx\Vitis\2024.2\tps\win64\lopper-1.1.0\env\Scripts\activate.bat && python C:\Xilinx\Vitis\2024.2\data\embeddedsw\scripts\pyesw\\repo.py -st  C:\Xilinx\Vitis\2024.2\data\embeddedsw && C:\Xilinx\Vitis\2024.2\tps\win64\lopper-1.1.0\env\Scripts\deactivate.bat
10:23:21 INFO  : created .gitignore file for the project C:\Users\harsh\Downloads\SoCFinalProject\Vitis_task4
10:23:21 INFO  : Marking the target connection as default Local
10:23:21 INFO  : Marking the target connection as default Linux Agent
10:23:21 INFO  : Marking the target connection as default XRTServer
10:23:21 INFO  : Marking the target connection as default LinuxEmulation
10:23:21 INFO  : Marking the target connection as default QEMU
10:27:32 INFO  : updated workspace path: 
10:27:33 INFO  : Embedded Template List generated successfully
10:27:33 INFO  : cmd.exe, /C, C:\Xilinx\Vitis\2024.2\tps\win64\lopper-1.1.0\env\Scripts\activate.bat && python C:\Xilinx\Vitis\2024.2\data\embeddedsw\scripts\pyesw\\repo.py -st  C:\Xilinx\Vitis\2024.2\data\embeddedsw && C:\Xilinx\Vitis\2024.2\tps\win64\lopper-1.1.0\env\Scripts\deactivate.bat
10:27:38 INFO  : Successfully created repository data at C:\Users\harsh\AppData\Local\Temp\rigel_lopper_harsh12148400435504352626
10:27:38 INFO  : cmd.exe, /C, C:\Xilinx\Vitis\2024.2\tps\win64\lopper-1.1.0\env\Scripts\activate.bat && python C:\Xilinx\Vitis\2024.2\data\embeddedsw\scripts\pyesw\\get_template_data.py -d C:\Users\harsh\AppData\Local\Temp\rigel_lopper_harsh7943434131439112713 -r C:\Users\harsh\AppData\Local\Temp\rigel_lopper_harsh12148400435504352626\.repo.yaml && C:\Xilinx\Vitis\2024.2\tps\win64\lopper-1.1.0\env\Scripts\deactivate.bat
10:27:38 INFO  : Embedded Template List generated successfully
10:27:41 INFO  : connection terminated
10:27:41 INFO  : connection terminated
10:27:41 INFO  : scheduling shutdown timer for 2 seconds ...
10:27:43 INFO  : Terminating Vitis C++ Server
10:27:43 INFO  : Vitis C++ Server terminated
11:08:56 INFO  : updated workspace path: 
11:09:00 INFO  : Successfully created repository data at C:\Users\harsh\AppData\Local\Temp\rigel_lopper_harsh7458492655658861735
11:09:00 INFO  : cmd.exe, /C, C:\Xilinx\Vitis\2024.2\tps\win64\lopper-1.1.0\env\Scripts\activate.bat && python C:\Xilinx\Vitis\2024.2\data\embeddedsw\scripts\pyesw\\get_template_data.py -d C:\Users\harsh\AppData\Local\Temp\rigel_lopper_harsh1744753623872569329 -r C:\Users\harsh\AppData\Local\Temp\rigel_lopper_harsh7458492655658861735\.repo.yaml && C:\Xilinx\Vitis\2024.2\tps\win64\lopper-1.1.0\env\Scripts\deactivate.bat
11:09:00 INFO  : Embedded Template List generated successfully
11:09:00 INFO  : cmd.exe, /C, C:\Xilinx\Vitis\2024.2\tps\win64\lopper-1.1.0\env\Scripts\activate.bat && python C:\Xilinx\Vitis\2024.2\data\embeddedsw\scripts\pyesw\\repo.py -st  C:\Xilinx\Vitis\2024.2\data\embeddedsw && C:\Xilinx\Vitis\2024.2\tps\win64\lopper-1.1.0\env\Scripts\deactivate.bat
11:09:03 INFO  : Successfully created repository data at C:\Users\harsh\AppData\Local\Temp\rigel_lopper_harsh3779326282374883751
11:09:03 INFO  : cmd.exe, /C, C:\Xilinx\Vitis\2024.2\tps\win64\lopper-1.1.0\env\Scripts\activate.bat && python C:\Xilinx\Vitis\2024.2\data\embeddedsw\scripts\pyesw\\get_template_data.py -d C:\Users\harsh\AppData\Local\Temp\rigel_lopper_harsh7931303559842941601 -r C:\Users\harsh\AppData\Local\Temp\rigel_lopper_harsh3779326282374883751\.repo.yaml && C:\Xilinx\Vitis\2024.2\tps\win64\lopper-1.1.0\env\Scripts\deactivate.bat
11:09:03 INFO  : Embedded Template List generated successfully
11:09:25 INFO  : cmd.exe, /C, C:\Xilinx\Vitis\2024.2\tps\win64\lopper-1.1.0\env\Scripts\activate.bat && python C:\Xilinx\Vitis\2024.2\data\embeddedsw\scripts\pyesw\\repo.py -st  C:\Xilinx\Vitis\2024.2\data\embeddedsw && C:\Xilinx\Vitis\2024.2\tps\win64\lopper-1.1.0\env\Scripts\deactivate.bat
11:09:25 INFO  : created .gitignore file for the project C:\Users\harsh\Downloads\SoCFinalProject\Vitis_final
11:09:25 INFO  : Marking the target connection as default Local
11:09:25 INFO  : Marking the target connection as default Linux Agent
11:09:25 INFO  : Marking the target connection as default XRTServer
11:09:25 INFO  : Marking the target connection as default LinuxEmulation
11:09:25 INFO  : Marking the target connection as default QEMU
11:53:09 INFO  : updated workspace path: 
11:53:09 INFO  : Embedded Template List generated successfully
11:53:10 INFO  : cmd.exe, /C, C:\Xilinx\Vitis\2024.2\tps\win64\lopper-1.1.0\env\Scripts\activate.bat && python C:\Xilinx\Vitis\2024.2\data\embeddedsw\scripts\pyesw\\repo.py -st  C:\Xilinx\Vitis\2024.2\data\embeddedsw && C:\Xilinx\Vitis\2024.2\tps\win64\lopper-1.1.0\env\Scripts\deactivate.bat
11:53:14 INFO  : Successfully created repository data at C:\Users\harsh\AppData\Local\Temp\rigel_lopper_harsh18112176750267849978
11:53:14 INFO  : cmd.exe, /C, C:\Xilinx\Vitis\2024.2\tps\win64\lopper-1.1.0\env\Scripts\activate.bat && python C:\Xilinx\Vitis\2024.2\data\embeddedsw\scripts\pyesw\\get_template_data.py -d C:\Users\harsh\AppData\Local\Temp\rigel_lopper_harsh4603061991997641090 -r C:\Users\harsh\AppData\Local\Temp\rigel_lopper_harsh18112176750267849978\.repo.yaml && C:\Xilinx\Vitis\2024.2\tps\win64\lopper-1.1.0\env\Scripts\deactivate.bat
11:53:15 INFO  : Embedded Template List generated successfully
11:53:22 INFO  : connection terminated
11:53:22 INFO  : connection terminated
11:53:22 INFO  : scheduling shutdown timer for 2 seconds ...
11:53:22 INFO  : scheduling shutdown timer for 2 seconds ...
11:53:24 INFO  : Terminating Vitis C++ Server
11:53:24 INFO  : Terminating Vitis C++ Server
11:53:24 INFO  : Vitis C++ Server terminated
11:53:24 INFO  : Vitis C++ Server terminated
12:01:45 INFO  : updated workspace path: 
12:01:50 INFO  : Successfully created repository data at C:\Users\harsh\AppData\Local\Temp\rigel_lopper_harsh249134636976462834
12:01:50 INFO  : cmd.exe, /C, C:\Xilinx\Vitis\2024.2\tps\win64\lopper-1.1.0\env\Scripts\activate.bat && python C:\Xilinx\Vitis\2024.2\data\embeddedsw\scripts\pyesw\\get_template_data.py -d C:\Users\harsh\AppData\Local\Temp\rigel_lopper_harsh18375807458727625249 -r C:\Users\harsh\AppData\Local\Temp\rigel_lopper_harsh249134636976462834\.repo.yaml && C:\Xilinx\Vitis\2024.2\tps\win64\lopper-1.1.0\env\Scripts\deactivate.bat
12:01:51 INFO  : Embedded Template List generated successfully
12:01:51 INFO  : cmd.exe, /C, C:\Xilinx\Vitis\2024.2\tps\win64\lopper-1.1.0\env\Scripts\activate.bat && python C:\Xilinx\Vitis\2024.2\data\embeddedsw\scripts\pyesw\\repo.py -st  C:\Xilinx\Vitis\2024.2\data\embeddedsw && C:\Xilinx\Vitis\2024.2\tps\win64\lopper-1.1.0\env\Scripts\deactivate.bat
12:01:54 INFO  : Successfully created repository data at C:\Users\harsh\AppData\Local\Temp\rigel_lopper_harsh4118814979684721672
12:01:54 INFO  : cmd.exe, /C, C:\Xilinx\Vitis\2024.2\tps\win64\lopper-1.1.0\env\Scripts\activate.bat && python C:\Xilinx\Vitis\2024.2\data\embeddedsw\scripts\pyesw\\get_template_data.py -d C:\Users\harsh\AppData\Local\Temp\rigel_lopper_harsh10792898026840353556 -r C:\Users\harsh\AppData\Local\Temp\rigel_lopper_harsh4118814979684721672\.repo.yaml && C:\Xilinx\Vitis\2024.2\tps\win64\lopper-1.1.0\env\Scripts\deactivate.bat
12:01:55 INFO  : Embedded Template List generated successfully
12:02:08 INFO  : cmd.exe, /C, C:\Xilinx\Vitis\2024.2\tps\win64\lopper-1.1.0\env\Scripts\activate.bat && python C:\Xilinx\Vitis\2024.2\data\embeddedsw\scripts\pyesw\\repo.py -st  C:\Xilinx\Vitis\2024.2\data\embeddedsw && C:\Xilinx\Vitis\2024.2\tps\win64\lopper-1.1.0\env\Scripts\deactivate.bat
12:15:53 INFO  : updated workspace path: 
12:15:54 INFO  : Embedded Template List generated successfully
12:15:54 INFO  : cmd.exe, /C, C:\Xilinx\Vitis\2024.2\tps\win64\lopper-1.1.0\env\Scripts\activate.bat && python C:\Xilinx\Vitis\2024.2\data\embeddedsw\scripts\pyesw\\repo.py -st  C:\Xilinx\Vitis\2024.2\data\embeddedsw && C:\Xilinx\Vitis\2024.2\tps\win64\lopper-1.1.0\env\Scripts\deactivate.bat
12:15:59 INFO  : Successfully created repository data at C:\Users\harsh\AppData\Local\Temp\rigel_lopper_harsh13043549144439198595
12:15:59 INFO  : cmd.exe, /C, C:\Xilinx\Vitis\2024.2\tps\win64\lopper-1.1.0\env\Scripts\activate.bat && python C:\Xilinx\Vitis\2024.2\data\embeddedsw\scripts\pyesw\\get_template_data.py -d C:\Users\harsh\AppData\Local\Temp\rigel_lopper_harsh2497683993088916825 -r C:\Users\harsh\AppData\Local\Temp\rigel_lopper_harsh13043549144439198595\.repo.yaml && C:\Xilinx\Vitis\2024.2\tps\win64\lopper-1.1.0\env\Scripts\deactivate.bat
12:15:59 INFO  : Embedded Template List generated successfully
12:25:31 INFO  : connection terminated
12:25:33 INFO  : connection terminated
12:25:33 INFO  : scheduling shutdown timer for 2 seconds ...
12:25:36 INFO  : Terminating Vitis C++ Server
12:25:36 INFO  : Vitis C++ Server terminated
12:25:43 INFO  : updated workspace path: 
12:25:47 INFO  : Successfully created repository data at C:\Users\harsh\AppData\Local\Temp\rigel_lopper_harsh6402154579329005782
12:25:47 INFO  : cmd.exe, /C, C:\Xilinx\Vitis\2024.2\tps\win64\lopper-1.1.0\env\Scripts\activate.bat && python C:\Xilinx\Vitis\2024.2\data\embeddedsw\scripts\pyesw\\get_template_data.py -d C:\Users\harsh\AppData\Local\Temp\rigel_lopper_harsh1523448688752427622 -r C:\Users\harsh\AppData\Local\Temp\rigel_lopper_harsh6402154579329005782\.repo.yaml && C:\Xilinx\Vitis\2024.2\tps\win64\lopper-1.1.0\env\Scripts\deactivate.bat
12:25:48 INFO  : Embedded Template List generated successfully
12:25:48 INFO  : cmd.exe, /C, C:\Xilinx\Vitis\2024.2\tps\win64\lopper-1.1.0\env\Scripts\activate.bat && python C:\Xilinx\Vitis\2024.2\data\embeddedsw\scripts\pyesw\\repo.py -st  C:\Xilinx\Vitis\2024.2\data\embeddedsw && C:\Xilinx\Vitis\2024.2\tps\win64\lopper-1.1.0\env\Scripts\deactivate.bat
12:25:52 INFO  : Successfully created repository data at C:\Users\harsh\AppData\Local\Temp\rigel_lopper_harsh10089469444035367601
12:25:52 INFO  : cmd.exe, /C, C:\Xilinx\Vitis\2024.2\tps\win64\lopper-1.1.0\env\Scripts\activate.bat && python C:\Xilinx\Vitis\2024.2\data\embeddedsw\scripts\pyesw\\get_template_data.py -d C:\Users\harsh\AppData\Local\Temp\rigel_lopper_harsh2206472137246654415 -r C:\Users\harsh\AppData\Local\Temp\rigel_lopper_harsh10089469444035367601\.repo.yaml && C:\Xilinx\Vitis\2024.2\tps\win64\lopper-1.1.0\env\Scripts\deactivate.bat
12:25:53 INFO  : Embedded Template List generated successfully
12:26:20 INFO  : cmd.exe, /C, C:\Xilinx\Vitis\2024.2\tps\win64\lopper-1.1.0\env\Scripts\activate.bat && python C:\Xilinx\Vitis\2024.2\data\embeddedsw\scripts\pyesw\\repo.py -st  C:\Xilinx\Vitis\2024.2\data\embeddedsw && C:\Xilinx\Vitis\2024.2\tps\win64\lopper-1.1.0\env\Scripts\deactivate.bat
12:36:00 INFO  : updated workspace path: 
12:36:01 INFO  : Embedded Template List generated successfully
12:36:02 INFO  : cmd.exe, /C, C:\Xilinx\Vitis\2024.2\tps\win64\lopper-1.1.0\env\Scripts\activate.bat && python C:\Xilinx\Vitis\2024.2\data\embeddedsw\scripts\pyesw\\repo.py -st  C:\Xilinx\Vitis\2024.2\data\embeddedsw && C:\Xilinx\Vitis\2024.2\tps\win64\lopper-1.1.0\env\Scripts\deactivate.bat
12:36:06 INFO  : Successfully created repository data at C:\Users\harsh\AppData\Local\Temp\rigel_lopper_harsh3496469743662453358
12:36:06 INFO  : cmd.exe, /C, C:\Xilinx\Vitis\2024.2\tps\win64\lopper-1.1.0\env\Scripts\activate.bat && python C:\Xilinx\Vitis\2024.2\data\embeddedsw\scripts\pyesw\\get_template_data.py -d C:\Users\harsh\AppData\Local\Temp\rigel_lopper_harsh13542544189208148854 -r C:\Users\harsh\AppData\Local\Temp\rigel_lopper_harsh3496469743662453358\.repo.yaml && C:\Xilinx\Vitis\2024.2\tps\win64\lopper-1.1.0\env\Scripts\deactivate.bat
12:36:07 INFO  : Embedded Template List generated successfully
06:56:43 INFO  : updated workspace path: 
06:56:47 INFO  : Successfully created repository data at C:\Users\harsh\AppData\Local\Temp\rigel_lopper_harsh9638264086574169351
06:56:47 INFO  : cmd.exe, /C, C:\Xilinx\Vitis\2024.2\tps\win64\lopper-1.1.0\env\Scripts\activate.bat && python C:\Xilinx\Vitis\2024.2\data\embeddedsw\scripts\pyesw\\get_template_data.py -d C:\Users\harsh\AppData\Local\Temp\rigel_lopper_harsh670736426219977899 -r C:\Users\harsh\AppData\Local\Temp\rigel_lopper_harsh9638264086574169351\.repo.yaml && C:\Xilinx\Vitis\2024.2\tps\win64\lopper-1.1.0\env\Scripts\deactivate.bat
06:56:48 INFO  : Embedded Template List generated successfully
06:56:48 INFO  : cmd.exe, /C, C:\Xilinx\Vitis\2024.2\tps\win64\lopper-1.1.0\env\Scripts\activate.bat && python C:\Xilinx\Vitis\2024.2\data\embeddedsw\scripts\pyesw\\repo.py -st  C:\Xilinx\Vitis\2024.2\data\embeddedsw && C:\Xilinx\Vitis\2024.2\tps\win64\lopper-1.1.0\env\Scripts\deactivate.bat
06:56:52 INFO  : Successfully created repository data at C:\Users\harsh\AppData\Local\Temp\rigel_lopper_harsh16038022095425046044
06:56:52 INFO  : cmd.exe, /C, C:\Xilinx\Vitis\2024.2\tps\win64\lopper-1.1.0\env\Scripts\activate.bat && python C:\Xilinx\Vitis\2024.2\data\embeddedsw\scripts\pyesw\\get_template_data.py -d C:\Users\harsh\AppData\Local\Temp\rigel_lopper_harsh1220300250298765923 -r C:\Users\harsh\AppData\Local\Temp\rigel_lopper_harsh16038022095425046044\.repo.yaml && C:\Xilinx\Vitis\2024.2\tps\win64\lopper-1.1.0\env\Scripts\deactivate.bat
06:56:53 INFO  : Embedded Template List generated successfully
06:57:10 INFO  : cmd.exe, /C, C:\Xilinx\Vitis\2024.2\tps\win64\lopper-1.1.0\env\Scripts\activate.bat && python C:\Xilinx\Vitis\2024.2\data\embeddedsw\scripts\pyesw\\repo.py -st  C:\Xilinx\Vitis\2024.2\data\embeddedsw && C:\Xilinx\Vitis\2024.2\tps\win64\lopper-1.1.0\env\Scripts\deactivate.bat
06:57:10 INFO  : Marking the target connection as default Local
06:57:10 INFO  : Marking the target connection as default Linux Agent
06:57:10 INFO  : Marking the target connection as default XRTServer
06:57:10 INFO  : Marking the target connection as default LinuxEmulation
06:57:10 INFO  : Marking the target connection as default QEMU
06:57:10 INFO  : created .gitignore file for the project C:\Users\harsh\Downloads\SoCFinalProject\Task4\Vitis_Task4
07:03:41 INFO  : updated workspace path: 
07:03:41 INFO  : Embedded Template List generated successfully
07:03:41 INFO  : cmd.exe, /C, C:\Xilinx\Vitis\2024.2\tps\win64\lopper-1.1.0\env\Scripts\activate.bat && python C:\Xilinx\Vitis\2024.2\data\embeddedsw\scripts\pyesw\\repo.py -st  C:\Xilinx\Vitis\2024.2\data\embeddedsw && C:\Xilinx\Vitis\2024.2\tps\win64\lopper-1.1.0\env\Scripts\deactivate.bat
07:03:46 INFO  : Successfully created repository data at C:\Users\harsh\AppData\Local\Temp\rigel_lopper_harsh11532382135004738464
07:03:46 INFO  : cmd.exe, /C, C:\Xilinx\Vitis\2024.2\tps\win64\lopper-1.1.0\env\Scripts\activate.bat && python C:\Xilinx\Vitis\2024.2\data\embeddedsw\scripts\pyesw\\get_template_data.py -d C:\Users\harsh\AppData\Local\Temp\rigel_lopper_harsh6334909942643275124 -r C:\Users\harsh\AppData\Local\Temp\rigel_lopper_harsh11532382135004738464\.repo.yaml && C:\Xilinx\Vitis\2024.2\tps\win64\lopper-1.1.0\env\Scripts\deactivate.bat
07:03:46 INFO  : Embedded Template List generated successfully
07:04:03 INFO  : connection terminated
07:04:03 INFO  : connection terminated
07:04:03 INFO  : scheduling shutdown timer for 2 seconds ...
07:04:05 INFO  : Terminating Vitis C++ Server
07:04:05 INFO  : Vitis C++ Server terminated
