Copyright 1986-2022 Xilinx, Inc. All Rights Reserved. Copyright 2022-2024 Advanced Micro Devices, Inc. All Rights Reserved.
---------------------------------------------------------------------------------------------------------------------------------------------
| Tool Version : Vivado v.2024.2 (win64) Build 5239630 Fri Nov 08 22:35:27 MST 2024
| Date         : Tue Apr 15 16:18:24 2025
| Host         : ROG_LAPTOP running 64-bit major release  (build 9200)
| Command      : upgrade_ip
| Device       : xc7s50csga324-1
---------------------------------------------------------------------------------------------------------------------------------------------

Upgrade Log for IP 'design_1_myip_pong2_0_0'

1. Summary
----------

SUCCESS in the upgrade of design_1_myip_pong2_0_0 (user.org:user:myip_pong2_Edit1:1.0) from (Rev. 9) to (Rev. 10)






Copyright 1986-2022 Xilinx, Inc. All Rights Reserved. Copyright 2022-2024 Advanced Micro Devices, Inc. All Rights Reserved.
---------------------------------------------------------------------------------------------------------------------------------------------
| Tool Version : Vivado v.2024.2 (win64) Build 5239630 Fri Nov 08 22:35:27 MST 2024
| Date         : Tue Apr 15 13:36:13 2025
| Host         : ROG_LAPTOP running 64-bit major release  (build 9200)
| Command      : upgrade_ip
| Device       : xc7s50csga324-1
---------------------------------------------------------------------------------------------------------------------------------------------

Upgrade Log for IP 'design_1_myip_pong2_0_0'

1. Summary
----------

SUCCESS in the upgrade of design_1_myip_pong2_0_0 (user.org:user:myip_pong2_Edit1:1.0) from (Rev. 8) to (Rev. 9)

